<?xml version="1.0" encoding="UTF-8"?>
<!-- Generated by org.testng.reporters.JUnitReportReporter -->
<testsuite hostname="Geeta" failures="0" tests="1" name="QA.test.TestSample" time="9.734" errors="0" timestamp="2025-05-04T16:26:43 IST" skipped="0">
  <testcase classname="QA.test.TestSample" name="sampleMethodToForEnteringCred" time="9.734"/>
</testsuite> <!-- QA.test.TestSample -->
