<?xml version="1.0" encoding="UTF-8"?>
<!-- Generated by org.testng.reporters.JUnitReportReporter -->
<testsuite hostname="Geeta" failures="0" tests="4" name="com.practice.RestAssured.HTTPRequests" time="4.327" errors="0" timestamp="2025-04-22T22:11:30 IST" skipped="0">
  <testcase classname="com.practice.RestAssured.HTTPRequests" name="getUsers" time="2.690"/>
  <testcase classname="com.practice.RestAssured.HTTPRequests" name="createUser" time="0.899"/>
  <testcase classname="com.practice.RestAssured.HTTPRequests" name="updateUser" time="0.366"/>
  <testcase classname="com.practice.RestAssured.HTTPRequests" name="deleteUser" time="0.372"/>
</testsuite> <!-- com.practice.RestAssured.HTTPRequests -->
