<?xml version="1.0" encoding="UTF-8"?>
<!-- Generated by org.testng.reporters.JUnitReportReporter -->
<testsuite hostname="Geeta" failures="0" tests="3" name="com.practice.TestNG.FireFoxTest" time="6.328" errors="0" timestamp="2025-04-17T12:53:57 IST" skipped="0">
  <testcase classname="com.practice.TestNG.FireFoxTest" name="testTitle" time="0.032"/>
  <testcase classname="com.practice.TestNG.FireFoxTest" name="clickOffers" time="2.825"/>
  <testcase classname="com.practice.TestNG.FireFoxTest" name="clickOrders" time="3.471"/>
</testsuite> <!-- com.practice.TestNG.FireFoxTest -->
