<?xml version="1.0" encoding="UTF-8"?>
<!-- Generated by org.testng.reporters.JUnitReportReporter -->
<testsuite hostname="Geeta" failures="0" tests="3" name="com.practice.TestNG.ChromeTest" time="0.000" errors="0" timestamp="2025-04-21T18:00:09 IST" skipped="3">
  <testcase classname="com.practice.TestNG.ChromeTest" name="testTitle" time="0.000">
    <skipped/>
  </testcase> <!-- testTitle -->
  <testcase classname="com.practice.TestNG.ChromeTest" name="clickOffers" time="0.000">
    <skipped/>
  </testcase> <!-- clickOffers -->
  <testcase classname="com.practice.TestNG.ChromeTest" name="clickOrders" time="0.000">
    <skipped/>
  </testcase> <!-- clickOrders -->
</testsuite> <!-- com.practice.TestNG.ChromeTest -->
