<?xml version="1.0" encoding="UTF-8"?>
<!-- Generated by org.testng.reporters.JUnitReportReporter -->
<testsuite hostname="Geeta" failures="0" tests="1" name="com.practice.TestNG.ParallelTestScript" time="0.019" errors="0" timestamp="2025-04-21T17:56:51 IST" skipped="0">
  <testcase classname="com.practice.TestNG.ParallelTestScript" name="add" time="0.019"/>
</testsuite> <!-- com.practice.TestNG.ParallelTestScript -->
