<?xml version="1.0" encoding="UTF-8"?>
<!-- Generated by org.testng.reporters.JUnitReportReporter -->
<testsuite hostname="Geeta" failures="0" tests="2" name="com.practice.TestNG.DependsOnGroups" time="0.052" errors="0" timestamp="2025-04-21T17:11:35 IST" skipped="0">
  <testcase classname="com.practice.TestNG.DependsOnGroups" name="ViewAcc" time="0.005"/>
  <testcase classname="com.practice.TestNG.DependsOnGroups" name="ViewAccLogIn" time="0.047"/>
</testsuite> <!-- com.practice.TestNG.DependsOnGroups -->
