<?xml version="1.0" encoding="UTF-8"?>
<!-- Generated by org.testng.reporters.JUnitReportReporter -->
<testsuite hostname="Geeta" failures="0" tests="2" name="com.practice.java8.OddEven" time="0.016" errors="0" timestamp="2025-04-20T14:44:51 IST" skipped="0">
  <testcase classname="com.practice.java8.OddEven" name="Odd" time="0.010"/>
  <testcase classname="com.practice.java8.OddEven" name="charCount" time="0.006"/>
</testsuite> <!-- com.practice.java8.OddEven -->
