<?xml version="1.0" encoding="UTF-8"?>
<!-- Generated by org.testng.reporters.JUnitReportReporter -->
<testsuite hostname="Geeta" failures="0" tests="1" name="com.practice.TestNG.MultipleTestScript" time="0.023" errors="0" timestamp="2025-04-15T15:26:57 IST" skipped="0">
  <testcase classname="com.practice.TestNG.MultipleTestScript" name="add" time="0.023"/>
</testsuite> <!-- com.practice.TestNG.MultipleTestScript -->
