<?xml version="1.0" encoding="UTF-8"?>
<!-- Generated by org.testng.reporters.JUnitReportReporter -->
<testsuite hostname="Geeta" failures="0" tests="4" name="com.practice.TestNG.Grouping" time="0.021" errors="0" timestamp="2025-04-16T21:30:03 IST" skipped="0">
  <testcase classname="com.practice.TestNG.Grouping" name="test2" time="0.002"/>
  <testcase classname="com.practice.TestNG.Grouping" name="test1" time="0.013"/>
  <testcase classname="com.practice.TestNG.Grouping" name="test3" time="0.003"/>
  <testcase classname="com.practice.TestNG.Grouping" name="test4" time="0.003"/>
</testsuite> <!-- com.practice.TestNG.Grouping -->
