<?xml version="1.0" encoding="UTF-8"?>
<!-- Generated by org.testng.reporters.JUnitReportReporter -->
<testsuite hostname="Geeta" failures="0" tests="3" name="com.practice.TestNG.ChromeTest" time="5.767" errors="0" timestamp="2025-04-17T12:53:57 IST" skipped="0">
  <testcase classname="com.practice.TestNG.ChromeTest" name="testTitle" time="0.049"/>
  <testcase classname="com.practice.TestNG.ChromeTest" name="clickOffers" time="2.374"/>
  <testcase classname="com.practice.TestNG.ChromeTest" name="clickOrders" time="3.344"/>
</testsuite> <!-- com.practice.TestNG.ChromeTest -->
