<?xml version="1.0" encoding="UTF-8"?>
<!-- Generated by org.testng.reporters.JUnitReportReporter -->
<testsuite hostname="Geeta" failures="0" tests="4" name="com.practice.TestNG.ParallelTestScript" time="0.088" errors="0" timestamp="2025-04-15T17:16:33 IST" skipped="0">
  <testcase classname="com.practice.TestNG.ParallelTestScript" name="mul" time="0.021"/>
  <testcase classname="com.practice.TestNG.ParallelTestScript" name="sub" time="0.023"/>
  <testcase classname="com.practice.TestNG.ParallelTestScript" name="div" time="0.023"/>
  <testcase classname="com.practice.TestNG.ParallelTestScript" name="add" time="0.021"/>
</testsuite> <!-- com.practice.TestNG.ParallelTestScript -->
