<?xml version="1.0" encoding="UTF-8"?>
<!-- Generated by org.testng.reporters.JUnitReportReporter -->
<testsuite hostname="Geeta" failures="0" tests="3" name="com.practice.TestNG.IAnnotationTransformer" time="0.022" errors="0" timestamp="2025-04-24T20:14:33 IST" skipped="0">
  <testcase classname="com.practice.TestNG.IAnnotationTransformer" name="changeInvocationCountOfMethod" time="0.002"/>
  <testcase classname="com.practice.TestNG.IAnnotationTransformer" name="changeInvocationCountOfMethod" time="0.002"/>
  <testcase classname="com.practice.TestNG.IAnnotationTransformer" name="changeInvocationCountOfMethod" time="0.018"/>
</testsuite> <!-- com.practice.TestNG.IAnnotationTransformer -->
