<?xml version="1.0" encoding="UTF-8"?>
<!-- Generated by org.testng.reporters.JUnitReportReporter -->
<testsuite hostname="Geeta" failures="0" tests="2" name="com.practice.TestNG.TestNGAnnotation" time="0.009" errors="0" timestamp="2025-04-27T11:20:32 IST" skipped="1">
  <testcase classname="com.practice.TestNG.TestNGAnnotation" name="aa" time="0.009"/>
  <testcase classname="com.practice.TestNG.TestNGAnnotation" name="a">
    <skipped/>
  </testcase> <!-- a -->
</testsuite> <!-- com.practice.TestNG.TestNGAnnotation -->
