<?xml version="1.0" encoding="UTF-8"?>
<!-- Generated by org.testng.reporters.JUnitReportReporter -->
<testsuite hostname="Geeta" failures="0" tests="10" name="com.practice.TestNG.InvocationCountProg" time="0.030" errors="0" timestamp="2025-04-15T18:38:40 IST" skipped="0">
  <testcase classname="com.practice.TestNG.InvocationCountProg" name="hello" time="0.001"/>
  <testcase classname="com.practice.TestNG.InvocationCountProg" name="testAddition" time="0.001"/>
  <testcase classname="com.practice.TestNG.InvocationCountProg" name="testAddition" time="0.003"/>
  <testcase classname="com.practice.TestNG.InvocationCountProg" name="hello" time="0.002"/>
  <testcase classname="com.practice.TestNG.InvocationCountProg" name="hello" time="0.002"/>
  <testcase classname="com.practice.TestNG.InvocationCountProg" name="testAddition" time="0.006"/>
  <testcase classname="com.practice.TestNG.InvocationCountProg" name="testAddition" time="0.003"/>
  <testcase classname="com.practice.TestNG.InvocationCountProg" name="testAddition" time="0.001"/>
  <testcase classname="com.practice.TestNG.InvocationCountProg" name="hello" time="0.001"/>
  <testcase classname="com.practice.TestNG.InvocationCountProg" name="hello" time="0.010"/>
</testsuite> <!-- com.practice.TestNG.InvocationCountProg -->
