<?xml version="1.0" encoding="UTF-8"?>
<!-- Generated by org.testng.reporters.JUnitReportReporter -->
<testsuite hostname="Geeta" failures="0" tests="4" name="com.practice.TestNG.HardSoftAssertion" time="0.071" errors="0" timestamp="2025-04-20T20:14:02 IST" skipped="0">
  <testcase classname="com.practice.TestNG.HardSoftAssertion" name="hardAssertion" time="0.058"/>
  <testcase classname="com.practice.TestNG.HardSoftAssertion" name="hardAssertion2" time="0.005"/>
  <testcase classname="com.practice.TestNG.HardSoftAssertion" name="hardAssertion1" time="0.004"/>
  <testcase classname="com.practice.TestNG.HardSoftAssertion" name="hardAssertion3" time="0.004"/>
</testsuite> <!-- com.practice.TestNG.HardSoftAssertion -->
