<?xml version="1.0" encoding="UTF-8"?>
<!-- Generated by org.testng.reporters.JUnitReportReporter -->
<testsuite hostname="Geeta" failures="0" tests="2" name="com.practice.TestNG.DependsOnMethods" time="0.050" errors="0" timestamp="2025-04-21T17:13:14 IST" skipped="0">
  <testcase classname="com.practice.TestNG.DependsOnMethods" name="Test1" time="0.007"/>
  <testcase classname="com.practice.TestNG.DependsOnMethods" name="Test2" time="0.043"/>
</testsuite> <!-- com.practice.TestNG.DependsOnMethods -->
