<?xml version="1.0" encoding="UTF-8"?>
<!-- Generated by org.testng.reporters.JUnitReportReporter -->
<testsuite hostname="Geeta" failures="0" tests="1" name="com.practice.TestNG.Assertions" time="3.775" errors="0" timestamp="2025-04-14T22:26:14 IST" skipped="0">
  <testcase classname="com.practice.TestNG.Assertions" name="assertion1" time="3.775"/>
</testsuite> <!-- com.practice.TestNG.Assertions -->
