<?xml version="1.0" encoding="UTF-8"?>
<!-- Generated by org.testng.reporters.JUnitReportReporter -->
<testsuite hostname="Geeta" failures="0" tests="4" name="com.practice.TestNG.Priority" time="0.022" errors="0" timestamp="2025-04-20T19:07:36 IST" skipped="0">
  <testcase classname="com.practice.TestNG.Priority" name="d" time="0.017"/>
  <testcase classname="com.practice.TestNG.Priority" name="b" time="0.002"/>
  <testcase classname="com.practice.TestNG.Priority" name="c" time="0.001"/>
  <testcase classname="com.practice.TestNG.Priority" name="a" time="0.002"/>
</testsuite> <!-- com.practice.TestNG.Priority -->
