<?xml version="1.0" encoding="UTF-8"?>
<!-- Generated by org.testng.reporters.JUnitReportReporter -->
<testsuite hostname="Geeta" failures="0" tests="2" name="com.practice.TestNG.DisableTest" time="0.021" errors="0" timestamp="2025-04-15T21:55:47 IST" skipped="1">
  <testcase classname="com.practice.TestNG.DisableTest" name="t2" time="0.021"/>
  <testcase classname="com.practice.TestNG.DisableTest" name="t4">
    <skipped/>
  </testcase> <!-- t4 -->
</testsuite> <!-- com.practice.TestNG.DisableTest -->
