<?xml version="1.0" encoding="UTF-8"?>
<!-- Generated by org.testng.reporters.JUnitReportReporter -->
<testsuite hostname="Geeta" failures="0" tests="2" name="com.practice.TestNG.TestNGAnnotation" time="0.011" errors="0" timestamp="2025-04-20T21:52:42 IST" skipped="0">
  <testcase classname="com.practice.TestNG.TestNGAnnotation" name="a" time="0.009"/>
  <testcase classname="com.practice.TestNG.TestNGAnnotation" name="aa" time="0.002"/>
</testsuite> <!-- com.practice.TestNG.TestNGAnnotation -->
