<?xml version="1.0" encoding="UTF-8"?>
<!-- Generated by org.testng.reporters.JUnitReportReporter -->
<testsuite hostname="Geeta" failures="0" tests="1" name="com.practice.Postman.Mock" time="3.141" errors="0" timestamp="2025-04-18T22:59:09 IST" skipped="0">
  <testcase classname="com.practice.Postman.Mock" name="get" time="3.141"/>
</testsuite> <!-- com.practice.Postman.Mock -->
